[275月2025 13:51:11.838] [main/INFO] [cpw.mods.modlauncher.Launcher/MODLAUNCHER]: ModLauncher running: args [--launchTarget, forgeclientdev, --version, 21.1.170, --assetIndex, 17, --assetsDir, C:\\Users\\tjy13\\.gradle\\caches\\neoformruntime\\assets, --gameDir, ., --fml.fmlVersion, 4.0.39, --fml.mcVersion, 1.21.1, --fml.neoForgeVersion, 21.1.170, --fml.neoFormVersion, 20240808.144430]
[275月2025 13:51:11.842] [main/INFO] [cpw.mods.modlauncher.Launcher/MODLAUNCHER]: JVM identified as Eclipse Adoptium OpenJDK 64-Bit Server VM 21.0.6+7-LTS
[275月2025 13:51:11.844] [main/INFO] [cpw.mods.modlauncher.Launcher/MODLAUNCHER]: ModLauncher 11.0.4+main.d2e20e43 starting: java version 21.0.6 by Eclipse Adoptium; OS Windows 11 arch amd64 version 10.0
[275月2025 13:51:11.978] [main/INFO] [net.neoforged.fml.loading.ImmediateWindowHandler/]: Loading ImmediateWindowProvider fmlearlywindow
[275月2025 13:51:12.121] [main/INFO] [EARLYDISPLAY/]: Trying GL version 4.6
[275月2025 13:51:12.205] [main/INFO] [EARLYDISPLAY/]: Requested GL version 4.6 got version 4.6
[275月2025 13:51:12.345] [main/INFO] [mixin/]: SpongePowered MIXIN Subsystem Version=0.8.7 Source=union:/C:/Users/tjy13/.gradle/caches/modules-2/files-2.1/net.fabricmc/sponge-mixin/0.15.2+mixin.0.8.7/2af2f021d8e02a0220dc27a7a72b4666d66d44ca/sponge-mixin-0.15.2+mixin.0.8.7.jar%23142!/ Service=ModLauncher Env=CLIENT
[275月2025 13:51:12.703] [pool-2-thread-1/INFO] [EARLYDISPLAY/]: GL info: Radeon RX 550X GL version 4.6.0 Core Profile Context 25.5.1.250226, ATI Technologies Inc.
[275月2025 13:51:13.149] [main/INFO] [net.neoforged.fml.loading.moddiscovery.locators.JarInJarDependencyLocator/]: Found 2 dependencies adding them to mods collection
[275月2025 13:51:13.151] [main/INFO] [net.neoforged.fml.loading.moddiscovery.ModDiscoverer/]: 
     Mod List:
		Name Version (Mod Id)

		ArmorOfAlloys 1.0-SNAPSHOT (aoas)
		Minecraft 1.21.1 (minecraft)
		NeoForge 21.1.170 (neoforge)
[275月2025 13:51:14.177] [main/INFO] [cpw.mods.modlauncher.LaunchServiceHandler/MODLAUNCHER]: Launching target 'forgeclientdev' with arguments [--version, 21.1.170, --gameDir, ., --assetsDir, C:\Users\tjy13\.gradle\caches\neoformruntime\assets, --assetIndex, 17]
[275月2025 13:51:14.311] [main/WARN] [mixin/]: Reference map 'aoas.refmap.json' for aoas.mixins.json could not be read. If this is a development environment you can ignore this message
[275月2025 13:51:16.632] [Datafixer Bootstrap/INFO] [com.mojang.datafixers.DataFixerBuilder/]: 229 Datafixer optimizations took 369 milliseconds
[275月2025 13:51:16.914] [main/WARN] [oshi.driver.windows.perfmon.PerfmonDisabled/]: Invalid registry value type detected for PerfOS counters. Should be REG_DWORD. Ignoring: HKEY_LOCAL_MACHINE\SYSTEM\CurrentControlSet\Services\PerfOS\Performance\Disable Performance Counters.
[275月2025 13:51:16.947] [pool-7-thread-1/INFO] [MixinExtras|Service/]: Initializing MixinExtras via com.llamalad7.mixinextras.service.MixinExtrasServiceImpl(version=0.4.1).
[275月2025 13:51:22.775] [main/WARN] [net.minecraft.commands.Commands/]: Ambiguity between arguments [teleport, location] and [teleport, destination] with inputs: [0.1 -0.5 .9, 0 0 0]
[275月2025 13:51:22.777] [main/WARN] [net.minecraft.commands.Commands/]: Ambiguity between arguments [teleport, location] and [teleport, targets] with inputs: [0.1 -0.5 .9, 0 0 0]
[275月2025 13:51:22.779] [main/WARN] [net.minecraft.commands.Commands/]: Ambiguity between arguments [teleport, destination] and [teleport, targets] with inputs: [Player, 0123, @e, dd12be42-52a9-4a91-a8a1-11c01849e498]
[275月2025 13:51:22.781] [main/WARN] [net.minecraft.commands.Commands/]: Ambiguity between arguments [teleport, targets] and [teleport, destination] with inputs: [Player, 0123, dd12be42-52a9-4a91-a8a1-11c01849e498]
[275月2025 13:51:22.782] [main/WARN] [net.minecraft.commands.Commands/]: Ambiguity between arguments [teleport, targets, location] and [teleport, targets, destination] with inputs: [0.1 -0.5 .9, 0 0 0]
[275月2025 13:51:22.903] [Render thread/WARN] [net.minecraft.server.packs.VanillaPackResourcesBuilder/]: Assets URL 'union:/C:/Users/tjy13/IdeaProjects/ArmorOfAlloys/build/moddev/artifacts/neoforge-21.1.170.jar%23197!/assets/.mcassetsroot' uses unexpected schema
[275月2025 13:51:22.904] [Render thread/WARN] [net.minecraft.server.packs.VanillaPackResourcesBuilder/]: Assets URL 'union:/C:/Users/tjy13/IdeaProjects/ArmorOfAlloys/build/moddev/artifacts/neoforge-21.1.170.jar%23197!/data/.mcassetsroot' uses unexpected schema
[275月2025 13:51:22.954] [Render thread/INFO] [com.mojang.authlib.yggdrasil.YggdrasilAuthenticationService/]: Environment: Environment[sessionHost=https://sessionserver.mojang.com, servicesHost=https://api.minecraftservices.com, name=PROD]
[275月2025 13:51:22.960] [Render thread/INFO] [net.minecraft.client.Minecraft/]: Setting user: Dev
[275月2025 13:51:23.111] [Render thread/INFO] [net.minecraft.client.Minecraft/]: Backend library: LWJGL version 3.3.3+5
[275月2025 13:51:23.452] [modloading-worker-0/INFO] [net.neoforged.neoforge.common.NeoForgeMod/NEOFORGE-MOD]: NeoForge mod loading, version 21.1.170, for MC 1.21.1
[275月2025 13:51:24.121] [Render thread/INFO] [net.neoforged.neoforge.gametest.GameTestHooks/]: Enabled Gametest Namespaces: [aoas]
[275月2025 13:51:24.246] [Render thread/INFO] [net.minecraft.server.packs.resources.ReloadableResourceManager/]: Reloading ResourceManager: vanilla, mod_resources, mod/aoas, mod/neoforge
[275月2025 13:51:24.255] [Worker-Main-1/INFO] [com.sheridan.aoas.ArmorOfAlloys/]: HELLO FROM COMMON SETUP
[275月2025 13:51:24.260] [Worker-Main-1/INFO] [com.sheridan.aoas.ArmorOfAlloys/]: DIRT BLOCK >> minecraft:dirt
[275月2025 13:51:24.260] [Worker-Main-1/INFO] [com.sheridan.aoas.ArmorOfAlloys/]: The magic number is... 42
[275月2025 13:51:24.261] [Worker-Main-1/INFO] [com.sheridan.aoas.ArmorOfAlloys/]: ITEM >> minecraft:iron_ingot
[275月2025 13:51:24.457] [Worker-Main-11/INFO] [net.minecraft.client.gui.font.providers.UnihexProvider/]: Found unifont_all_no_pua-15.1.05.hex, loading
[275月2025 13:51:24.524] [Worker-Main-9/INFO] [net.minecraft.client.gui.font.providers.UnihexProvider/]: Found unifont_jp_patch-15.1.05.hex, loading
[275月2025 13:51:24.524] [Worker-Main-6/INFO] [com.sheridan.aoas.ArmorOfAlloys/]: HELLO FROM CLIENT SETUP
[275月2025 13:51:24.525] [Worker-Main-6/INFO] [com.sheridan.aoas.ArmorOfAlloys/]: MINECRAFT NAME >> Dev
[275月2025 13:51:25.177] [Worker-Main-7/WARN] [net.minecraft.client.resources.model.BlockStateModelLoader/]: Exception loading blockstate definition: 'aoas:blockstates/example_block.json' missing model for variant: 'aoas:example_block#'
[275月2025 13:51:25.180] [Worker-Main-7/WARN] [net.minecraft.client.resources.model.ModelBakery/]: Unable to load model: 'aoas:item/example_item' referenced from: aoas:item/example_item: java.io.FileNotFoundException: aoas:models/item/example_item.json
[275月2025 13:51:25.182] [Worker-Main-7/WARN] [net.minecraft.client.resources.model.ModelBakery/]: Unable to load model: 'aoas:item/example_block' referenced from: aoas:item/example_block: java.io.FileNotFoundException: aoas:models/item/example_block.json
[275月2025 13:51:26.134] [Render thread/WARN] [net.minecraft.client.sounds.SoundEngine/]: Missing sound for event: minecraft:item.goat_horn.play
[275月2025 13:51:26.135] [Render thread/WARN] [net.minecraft.client.sounds.SoundEngine/]: Missing sound for event: minecraft:entity.goat.screaming.horn_break
[275月2025 13:51:27.571] [Render thread/INFO] [com.mojang.blaze3d.audio.Library/]: OpenAL initialized on device OpenAL Soft on 耳机 (Realtek(R) Audio)
[275月2025 13:51:27.572] [Render thread/INFO] [net.minecraft.client.sounds.SoundEngine/SOUNDS]: Sound engine started
[275月2025 13:51:27.683] [Render thread/INFO] [net.minecraft.client.renderer.texture.TextureAtlas/]: Created: 1024x512x4 minecraft:textures/atlas/blocks.png-atlas
[275月2025 13:51:27.693] [Render thread/INFO] [net.minecraft.client.renderer.texture.TextureAtlas/]: Created: 256x256x4 minecraft:textures/atlas/signs.png-atlas
[275月2025 13:51:27.693] [Render thread/INFO] [net.minecraft.client.renderer.texture.TextureAtlas/]: Created: 512x512x4 minecraft:textures/atlas/shield_patterns.png-atlas
[275月2025 13:51:27.693] [Render thread/INFO] [net.minecraft.client.renderer.texture.TextureAtlas/]: Created: 512x512x4 minecraft:textures/atlas/banner_patterns.png-atlas
[275月2025 13:51:27.694] [Render thread/INFO] [net.minecraft.client.renderer.texture.TextureAtlas/]: Created: 1024x1024x4 minecraft:textures/atlas/armor_trims.png-atlas
[275月2025 13:51:27.702] [Render thread/INFO] [net.minecraft.client.renderer.texture.TextureAtlas/]: Created: 128x64x4 minecraft:textures/atlas/decorated_pot.png-atlas
[275月2025 13:51:27.702] [Render thread/INFO] [net.minecraft.client.renderer.texture.TextureAtlas/]: Created: 256x256x4 minecraft:textures/atlas/chest.png-atlas
[275月2025 13:51:27.703] [Render thread/INFO] [net.minecraft.client.renderer.texture.TextureAtlas/]: Created: 512x256x4 minecraft:textures/atlas/beds.png-atlas
[275月2025 13:51:27.703] [Render thread/INFO] [net.minecraft.client.renderer.texture.TextureAtlas/]: Created: 512x256x4 minecraft:textures/atlas/shulker_boxes.png-atlas
[275月2025 13:51:27.896] [Render thread/INFO] [net.minecraft.client.renderer.texture.TextureAtlas/]: Created: 512x256x0 minecraft:textures/atlas/particles.png-atlas
[275月2025 13:51:27.898] [Render thread/INFO] [net.minecraft.client.renderer.texture.TextureAtlas/]: Created: 512x256x0 minecraft:textures/atlas/paintings.png-atlas
[275月2025 13:51:27.898] [Render thread/INFO] [net.minecraft.client.renderer.texture.TextureAtlas/]: Created: 256x128x0 minecraft:textures/atlas/mob_effects.png-atlas
[275月2025 13:51:27.899] [Render thread/INFO] [net.minecraft.client.renderer.texture.TextureAtlas/]: Created: 64x64x0 minecraft:textures/atlas/map_decorations.png-atlas
[275月2025 13:51:27.899] [Render thread/INFO] [net.minecraft.client.renderer.texture.TextureAtlas/]: Created: 1024x512x0 minecraft:textures/atlas/gui.png-atlas
[275月2025 13:51:27.932] [Render thread/WARN] [net.minecraft.client.renderer.ShaderInstance/]: Shader rendertype_entity_translucent_emissive could not find sampler named Sampler2 in the specified shader program.
[275月2025 13:51:28.012] [Render thread/INFO] [net.neoforged.neoforge.client.entity.animation.json.AnimationLoader/]: Loaded 0 entity animations
[275月2025 13:51:33.060] [Render thread/INFO] [net.minecraft.client.Minecraft/]: Stopping!
